[10/10/2022 15:56:02] Debug: Session id: 0501fa91-9bcb-4e4b-8bd5-17bdf03a1e28
[10/10/2022 15:56:02] Debug: Code Processor information: Name :SnowConvert, Version: 9.2.23.0
[10/10/2022 15:56:02] Debug: Getting license
[10/10/2022 15:56:02] Debug: License information
	Status: Failed
	Message: No active license available.
[10/10/2022 15:56:02] Info: Starting to validate parameters
[10/10/2022 15:56:02] Info: Parameters to validate: 
	Execution mode: Conversion
	LICENSE_KEY: a3372138-b87e-4a08-b929-3b48b24c63f1
[10/10/2022 15:56:02] Info: Validation of parameters: Success
[10/10/2022 15:56:02] Debug: Getting code descriptor
[10/10/2022 15:56:02] Debug: Code descriptor information
	Units: 51
	Units type: LOC
	All file bytes: 2141
	All found extensions: .sql,.dml,.ddl,.bteq,.btq,.fl,.fload,.ml,.mload,.mld,.tp,.tpump,.tpt
[10/10/2022 15:56:02] Debug: Calculating fingerprint
[10/10/2022 15:56:02] Debug: Fingerprint information Fingerprint(size=2141,projects=1)
[10/10/2022 15:56:02] Info: Starting to try to validate online license for execution
[10/10/2022 15:56:04] Debug: Getting license
[10/10/2022 15:56:04] Debug: License information
	Status: Failed
	Message: No active license available.
[10/10/2022 15:56:04] Debug: Starting the execution of the controller
[10/10/2022 15:56:05] Debug: Executing the worker: SnowConvert
[10/10/2022 15:56:17] Debug: Finished executing the worker: SnowConvert
[10/10/2022 15:56:19] Info: Controller execution ended
